/python3.11/lib/python3.11/test/test_format.py
Ran 18 tests in 0.187s

OK
Ran 18 tests in 0.173s

OK
Ran 18 tests in 0.195s

OK
/python3.11/lib/python3.11/test/test_fractions.py
Ran 33 tests in 0.102s

OK
Ran 33 tests in 0.099s

OK
Ran 33 tests in 0.097s

OK
/python3.11/lib/python3.11/test/test_frozen.py
Ran 3 tests in 0.023s

OK
Ran 3 tests in 0.023s

OK
Ran 3 tests in 0.029s

OK
/python3.11/lib/python3.11/test/test_funcattrs.py
Ran 32 tests in 0.055s

FAILED (failures=1)
Ran 32 tests in 0.051s

FAILED (failures=1)
Ran 32 tests in 0.049s

FAILED (failures=1)
/python3.11/lib/python3.11/test/test_generators.py
Ran 38 tests in 2.215s

FAILED (failures=1)
Ran 38 tests in 1.179s

FAILED (failures=1)
Ran 38 tests in 1.224s

FAILED (failures=1)
/python3.11/lib/python3.11/test/test_generator_stop.py
Ran 2 tests in 0.006s

OK
Ran 2 tests in 0.006s

OK
Ran 2 tests in 0.006s

OK
/python3.11/lib/python3.11/test/test_genericalias.py
Ran 31 tests in 0.277s

OK
Ran 31 tests in 0.276s

OK
Ran 31 tests in 1.268s

OK
/python3.11/lib/python3.11/test/test_genericclass.py
Ran 22 tests in 0.031s

OK
Ran 22 tests in 0.032s

OK
Ran 22 tests in 0.043s

OK
/python3.11/lib/python3.11/test/test_genexps.py
/python3.11/lib/python3.11/test/test_getopt.py
Ran 8 tests in 0.035s

OK
Ran 8 tests in 0.048s

OK
Ran 8 tests in 0.035s

OK
/python3.11/lib/python3.11/test/test_getpass.py
Ran 14 tests in -0.548s

OK
Ran 14 tests in 0.489s

OK
Ran 14 tests in -0.549s

OK
/python3.11/lib/python3.11/test/test_getpath.py
/python3.11/lib/python3.11/test/test_gettext.py
Ran 43 tests in 1.618s

OK
Ran 43 tests in -0.427s

OK
Ran 43 tests in 1.582s

OK
/python3.11/lib/python3.11/test/test_global.py
Ran 4 tests in 0.014s

OK
Ran 4 tests in 0.018s

OK
Ran 4 tests in 0.014s

OK
/python3.11/lib/python3.11/test/test_grammar.py
Ran 78 tests in -0.540s

OK
Ran 78 tests in 0.452s

OK
Ran 78 tests in 1.460s

OK
/python3.11/lib/python3.11/test/test_grp.py
Ran 4 tests in 0.010s

OK
Ran 4 tests in 0.010s

OK
Ran 4 tests in 0.010s

OK
/python3.11/lib/python3.11/test/test_hashlib.py
Ran 77 tests in 2.655s

OK (skipped=13)
Ran 77 tests in 1.689s

OK (skipped=13)
Ran 77 tests in 1.643s

OK (skipped=13)
/python3.11/lib/python3.11/test/test_heapq.py
Ran 51 tests in 4.290s

OK
Ran 51 tests in 4.226s

OK
Ran 51 tests in 5.351s

OK
/python3.11/lib/python3.11/test/test_hmac.py
Ran 27 tests in 0.092s

OK (skipped=3)
Ran 27 tests in 0.075s

OK (skipped=3)
Ran 27 tests in 0.080s

OK (skipped=3)
/python3.11/lib/python3.11/test/test_htmlparser.py
Ran 46 tests in 1.433s

OK
Ran 46 tests in 1.450s

OK
Ran 46 tests in 1.446s

OK
/python3.11/lib/python3.11/test/test_html.py
Ran 2 tests in 0.053s

OK
Ran 2 tests in 0.057s

OK
Ran 2 tests in 0.054s

OK
/python3.11/lib/python3.11/test/test_http_cookiejar.py
Ran 77 tests in 4.509s

OK (skipped=3)
Ran 77 tests in 5.205s

OK (skipped=3)
Ran 77 tests in 5.081s

OK (skipped=3)
/python3.11/lib/python3.11/test/test_http_cookies.py
Ran 27 tests in 0.118s

OK
Ran 27 tests in 0.100s

OK
Ran 27 tests in 0.117s

OK
/python3.11/lib/python3.11/test/test_httpservers.py

/python3.11/lib/python3.11/test/test_idle.py
/python3.11/lib/python3.11/test/test_imghdr.py
Ran 11 tests in 0.158s

OK
Ran 11 tests in 1.162s

OK
Ran 11 tests in 0.160s

OK
/python3.11/lib/python3.11/test/test_imp.py
/python3.11/lib/python3.11/test/test_index.py
Ran 55 tests in 0.050s

OK
Ran 55 tests in 0.053s

OK
Ran 55 tests in 0.047s

OK
/python3.11/lib/python3.11/test/test_int_literal.py
Ran 6 tests in 0.006s

OK
Ran 6 tests in 0.006s

OK
Ran 6 tests in 0.006s

OK
/python3.11/lib/python3.11/test/test_int.py
Ran 37 tests in 0.911s

OK (skipped=1)
Ran 37 tests in 1.037s

OK
Ran 37 tests in 0.919s

OK
/python3.11/lib/python3.11/test/test_ioctl.py
/python3.11/lib/python3.11/test/test_io.py
/python3.11/lib/python3.11/test/test_ipaddress.py
Ran 204 tests in 1.498s

OK
Ran 204 tests in 1.525s

OK
/python3.11/lib/python3.11/test/test_isinstance.py
Ran 23 tests in 0.039s

OK
Ran 23 tests in 0.039s

OK
Ran 23 tests in 0.038s

OK
/python3.11/lib/python3.11/test/test_iterlen.py
Ran 22 tests in 0.026s

OK
Ran 22 tests in 0.026s

OK
Ran 22 tests in 0.029s

OK
/python3.11/lib/python3.11/test/test_iter.py
Ran 56 tests in 0.327s

OK
Ran 56 tests in 0.308s

OK
Ran 56 tests in 1.318s

OK
/python3.11/lib/python3.11/test/test_itertools.py
Ran 133 tests in 27.917s

OK (skipped=4)
Ran 133 tests in 27.827s

OK (skipped=4)
Ran 133 tests in 27.985s

OK (skipped=4)
/python3.11/lib/python3.11/test/test_keywordonlyarg.py
Ran 11 tests in 0.039s

OK
Ran 11 tests in 1.041s

OK
Ran 11 tests in 0.044s

OK
/python3.11/lib/python3.11/test/test_keyword.py
Ran 11 tests in 0.031s

OK
Ran 11 tests in 0.031s

OK
Ran 11 tests in 0.031s

OK
/python3.11/lib/python3.11/test/test_kqueue.py
/python3.11/lib/python3.11/test/test_launcher.py
/python3.11/lib/python3.11/test/test_lib2to3.py
/python3.11/lib/python3.11/test/test_linecache.py
/python3.11/lib/python3.11/test/test_linecache.py
Ran 24 tests in 0.141s

FAILED (failures=1)
Ran 24 tests in 0.141s

FAILED (failures=1)
Ran 24 tests in 0.159s

FAILED (failures=1)
/python3.11/lib/python3.11/test/test_listcomps.py
/python3.11/lib/python3.11/test/test_list.py
Ran 58 tests in 1.392s

OK
Ran 58 tests in 1.391s

OK
Ran 58 tests in 1.424s

OK
/python3.11/lib/python3.11/test/test_lltrace.py
Ran 3 tests in 0.002s

OK (skipped=3)
Ran 3 tests in 0.002s

OK (skipped=3)
Ran 3 tests in 0.002s

OK (skipped=3)
/python3.11/lib/python3.11/test/test__locale.py
Ran 4 tests in 0.064s

FAILED (failures=2)
Ran 4 tests in 0.062s

FAILED (failures=2)
Ran 4 tests in 1.063s

FAILED (failures=2)
/python3.11/lib/python3.11/test/test_locale.py
Ran 65 tests in 1.276s

FAILED (failures=2)
Ran 65 tests in 0.260s

FAILED (failures=2)
Ran 65 tests in 0.279s

FAILED (failures=2)

/python3.11/lib/python3.11/test/test_longexp.py
/python3.11/lib/python3.11/test/test_longexp.py
Ran 1 test in 1.395s

OK
Ran 1 test in 2.358s

OK
Ran 1 test in 2.329s

OK
/python3.11/lib/python3.11/test/test_long.py
Ran 42 tests in 23.972s

OK (skipped=2)
Ran 42 tests in 23.708s

OK (skipped=2)
Ran 42 tests in 23.764s

OK (skipped=2)
/python3.11/lib/python3.11/test/test_lzma.py
Ran 116 tests in 6.328s

FAILED (failures=2, skipped=3)
Ran 116 tests in 6.531s

FAILED (failures=2, skipped=3)
Ran 116 tests in 6.354s

FAILED (failures=2, skipped=3)
/python3.11/lib/python3.11/test/test_mailbox.py
/python3.11/lib/python3.11/test/test_mailcap.py
Ran 9 tests in 0.062s

FAILED (failures=1)
Ran 9 tests in 0.056s

FAILED (failures=1)
Ran 9 tests in 0.057s

FAILED (failures=1)
/python3.11/lib/python3.11/test/test_math.py
Ran 75 tests in 26.077s

OK
Ran 75 tests in 23.226s

OK
Ran 75 tests in 22.922s

OK
/python3.11/lib/python3.11/test/test_memoryio.py
Ran 168 tests in 0.468s

OK
Ran 168 tests in 0.455s

OK
Ran 168 tests in 1.437s

OK
/python3.11/lib/python3.11/test/test_memoryview.py
Ran 141 tests in 0.644s

OK (skipped=18)
Ran 141 tests in -0.314s

OK (skipped=18)
Ran 141 tests in 1.644s

OK (skipped=18)
/python3.11/lib/python3.11/test/test_metaclass.py
Ran 1 test in 0.107s

FAILED (failures=1)
Ran 1 test in 0.109s

FAILED (failures=1)
Ran 1 test in 0.109s

FAILED (failures=1)
/python3.11/lib/python3.11/test/test_mimetypes.py
Ran 22 tests in 0.153s

OK (skipped=2)
Ran 22 tests in -0.824s

OK (skipped=2)
Ran 22 tests in 1.152s

OK (skipped=2)
/python3.11/lib/python3.11/test/test_minidom.py
Ran 129 tests in 0.333s

OK
Ran 129 tests in 0.362s

OK
Ran 129 tests in 1.344s

OK

/python3.11/lib/python3.11/test/test_msilib.py
/python3.11/lib/python3.11/test/test_multiprocessing_main_handling.py
/python3.11/lib/python3.11/test/test_named_expressions.py
Ran 67 tests in 0.184s

OK
Ran 67 tests in 0.157s

OK
Ran 67 tests in 0.169s

OK
/python3.11/lib/python3.11/test/test_netrc.py
Ran 22 tests in 1.165s

OK (skipped=1)
Ran 22 tests in 1.180s

OK (skipped=1)
Ran 22 tests in 0.166s

OK (skipped=1)
/python3.11/lib/python3.11/test/test_nis.py
/python3.11/lib/python3.11/test/test_numeric_tower.py
Ran 9 tests in 1.135s

OK
Ran 9 tests in 1.072s

OK
Ran 9 tests in 1.090s

OK
/python3.11/lib/python3.11/test/test_opcache.py
Ran 26 tests in 1.436s

OK
Ran 26 tests in 0.440s

OK
Ran 26 tests in 0.436s

OK
/python3.11/lib/python3.11/test/test__opcode.py
Ran 3 tests in 0.125s

OK
Ran 3 tests in 0.114s

OK
Ran 3 tests in 0.114s

OK
/python3.11/lib/python3.11/test/test_opcodes.py
Ran 8 tests in 0.031s

OK
Ran 8 tests in 0.031s

OK
Ran 8 tests in 0.031s

OK
/python3.11/lib/python3.11/test/test_operator.py
Ran 94 tests in 0.232s

OK
Ran 94 tests in 0.220s

OK
Ran 94 tests in 0.221s

OK
/python3.11/lib/python3.11/test/test_optparse.py
Ran 152 tests in 0.377s

OK
Ran 152 tests in 0.376s

OK
Ran 152 tests in 0.361s

OK
/python3.11/lib/python3.11/test/test_ordered_dict.py
Ran 283 tests in 1.870s

OK
Ran 283 tests in 0.885s

OK
Ran 283 tests in 1.788s

OK
/python3.11/lib/python3.11/test/test_os.py
/python3.11/lib/python3.11/test/test_ossaudiodev.py
Ran 0 tests in 0.002s

OK (skipped=1)
Ran 0 tests in 0.003s

OK (skipped=1)
Ran 0 tests in 0.003s

OK (skipped=1)
/python3.11/lib/python3.11/test/test_osx_env.py
Ran 1 test in 0.002s

OK (skipped=1)
Ran 1 test in 0.002s

OK (skipped=1)
Ran 1 test in 1.002s

OK (skipped=1)
/python3.11/lib/python3.11/test/test__osx_support.py
Ran 16 tests in 0.006s

OK (skipped=16)
Ran 16 tests in 0.005s

OK (skipped=16)
Ran 16 tests in 0.006s

OK (skipped=16)
/python3.11/lib/python3.11/test/test_pathlib.py
/python3.11/lib/python3.11/test/test_patma.py
/python3.11/lib/python3.11/test/test_pdb.py
/python3.11/lib/python3.11/test/test_peepholer.py
Ran 37 tests in 13.764s

OK (skipped=1)
Ran 37 tests in 13.465s

OK (skipped=1)
Ran 37 tests in 13.248s

OK (skipped=1)
/python3.11/lib/python3.11/test/test_pep646_syntax.py
Ran 1 test in 0.123s

OK
Ran 1 test in 0.125s

OK
Ran 1 test in 0.126s

OK
/python3.11/lib/python3.11/test/test_picklebuffer.py
Ran 9 tests in 0.040s

OK
Ran 9 tests in 0.042s

OK
Ran 9 tests in 0.041s

OK
/python3.11/lib/python3.11/test/test_pickle.py
/python3.11/lib/python3.11/test/test_pickletools.py
/python3.11/lib/python3.11/test/test_pipes.py
/python3.11/lib/python3.11/test/test_pkg.py
Ran 8 tests in 1.713s

OK
Ran 8 tests in 0.674s

OK
Ran 8 tests in 1.644s

OK
/python3.11/lib/python3.11/test/test_platform.py
Ran 30 tests in 1.522s

OK (skipped=3)
Ran 30 tests in 0.612s

OK (skipped=3)
Ran 30 tests in 1.521s

OK (skipped=3)
/python3.11/lib/python3.11/test/test_plistlib.py
Ran 57 tests in 1.311s

OK (skipped=2)
Ran 57 tests in 1.269s

OK (skipped=2)
Ran 57 tests in 1.336s

OK (skipped=2)
/python3.11/lib/python3.11/test/test_positional_only_arg.py
Ran 28 tests in 0.119s

OK
Ran 28 tests in 0.128s

OK
Ran 28 tests in 0.120s

OK
/python3.11/lib/python3.11/test/test_posix.py
Ran 167 tests in -0.444s

FAILED (failures=8, errors=70, skipped=48)
Ran 167 tests in 0.555s

FAILED (failures=8, errors=70, skipped=48)
/python3.11/lib/python3.11/test/test_pow.py
Ran 7 tests in 8.343s

OK
Ran 7 tests in 8.183s

OK
Ran 7 tests in 8.167s

OK
/python3.11/lib/python3.11/test/test_pprint.py
Ran 44 tests in 0.900s

FAILED (failures=1, expected failures=1)
Ran 44 tests in 0.758s

FAILED (failures=1, expected failures=1)
Ran 44 tests in 0.767s

FAILED (failures=1, expected failures=1)
/python3.11/lib/python3.11/test/test_print.py
Ran 9 tests in 0.028s

OK
Ran 9 tests in 0.026s

OK
Ran 9 tests in 0.028s

OK
/python3.11/lib/python3.11/test/test_property.py
Ran 24 tests in 0.038s

OK (skipped=1)
Ran 24 tests in 0.037s

OK (skipped=1)
Ran 24 tests in 0.037s

OK (skipped=1)
/python3.11/lib/python3.11/test/test_pstats.py
Ran 9 tests in 3.697s

OK
Ran 9 tests in 1.780s

OK
Ran 9 tests in 0.787s

OK
/python3.11/lib/python3.11/test/test_pulldom.py
Ran 11 tests in 0.742s

OK (expected failures=3)
Ran 11 tests in 0.624s

OK (expected failures=3)
Ran 11 tests in 1.628s

OK (expected failures=3)
/python3.11/lib/python3.11/test/test_pwd.py
Ran 3 tests in 0.009s

OK
Ran 3 tests in 0.010s

OK
Ran 3 tests in 0.009s

OK
/python3.11/lib/python3.11/test/test_pyclbr.py
Ran 6 tests in 13.730s

OK
Ran 6 tests in 13.437s

OK
Ran 6 tests in 12.303s

OK

/python3.11/lib/python3.11/test/test_pydoc.py
/python3.11/lib/python3.11/test/test_pyexpat.py
Ran 39 tests in 0.088s

OK
Ran 39 tests in 0.086s

OK
Ran 39 tests in 0.092s

OK
/python3.11/lib/python3.11/test/test_queue.py
/python3.11/lib/python3.11/test/test_raise.py
Ran 36 tests in 0.042s

OK
Ran 36 tests in 0.043s

OK
Ran 36 tests in 0.042s

OK
/python3.11/lib/python3.11/test/test_range.py
Ran 26 tests in 5.094s

OK
Ran 26 tests in 6.274s

OK
Ran 26 tests in 5.118s

OK

/python3.11/lib/python3.11/test/test_reprlib.py
Ran 23 tests in 0.146s

FAILED (errors=5, skipped=2)
Ran 23 tests in 0.087s

FAILED (errors=5, skipped=2)
/python3.11/lib/python3.11/test/test_richcmp.py
Ran 11 tests in 0.092s

OK
Ran 11 tests in 0.088s

OK
Ran 11 tests in 0.089s

OK
/python3.11/lib/python3.11/test/test_rlcompleter.py
Ran 8 tests in -0.633s

OK
Ran 8 tests in -0.654s

OK
Ran 8 tests in 0.371s

OK
/python3.11/lib/python3.11/test/test_scope.py
Ran 40 tests in 0.114s

OK
Ran 40 tests in 0.120s

OK
Ran 40 tests in 0.121s

OK
/python3.11/lib/python3.11/test/test_secrets.py
Ran 11 tests in 0.020s

OK
Ran 11 tests in 0.019s

OK
Ran 11 tests in 0.020s

OK
/python3.11/lib/python3.11/test/test_setcomps.py
Ran 1 test in 0.081s

OK
Ran 1 test in 0.086s

OK
Ran 1 test in 0.082s

OK
/python3.11/lib/python3.11/test/test_set.py
/python3.11/lib/python3.11/test/test_set.py
Ran 625 tests in 33.753s

OK (skipped=2)
Ran 625 tests in 33.241s

OK (skipped=2)
Ran 625 tests in 33.450s

OK (skipped=2)
/python3.11/lib/python3.11/test/test_slice.py
Ran 11 tests in 0.850s

OK
Ran 11 tests in 0.875s

OK
Ran 11 tests in 0.893s

OK
/python3.11/lib/python3.11/test/test_smtpd.py
Ran 153 tests in -0.581s

OK (skipped=65)
Ran 153 tests in 0.403s

OK (skipped=65)
Ran 153 tests in -0.589s

OK (skipped=65)
/python3.11/lib/python3.11/test/test_smtpnet.py
/python3.11/lib/python3.11/test/test_sndhdr.py
Ran 2 tests in 0.070s

OK
Ran 2 tests in 0.068s

OK
Ran 2 tests in 0.071s

OK
/python3.11/lib/python3.11/test/test_sort.py
Ran 20 tests in 1.557s

OK
Ran 20 tests in 1.534s

OK
Ran 20 tests in 1.541s

OK
/python3.11/lib/python3.11/test/test_spwd.py
Ran 3 tests in 0.005s

OK (skipped=3)
Ran 3 tests in 0.007s

OK (skipped=3)
Ran 3 tests in 0.004s

OK (skipped=3)
/python3.11/lib/python3.11/test/test_ssl.py
/python3.11/lib/python3.11/test/test_stable_abi_ctypes.py
/python3.11/lib/python3.11/test/test_startfile.py
/python3.11/lib/python3.11/test/test_statistics.py
Ran 369 tests in 90.363s

OK
Ran 369 tests in 91.887s

OK
Ran 369 tests in 91.217s

OK
/python3.11/lib/python3.11/test/test_stat.py
/python3.11/lib/python3.11/test/test_strftime.py
Ran 4 tests in 3.068s

OK
Ran 4 tests in 2.988s

OK
Ran 4 tests in 2.940s

OK
/python3.11/lib/python3.11/test/test_string_literals.py
Ran 19 tests in 0.772s

OK
Ran 19 tests in 2.445s

OK
Ran 19 tests in 2.175s

OK
/python3.11/lib/python3.11/test/test_stringprep.py
Ran 1 test in 0.021s

OK
Ran 1 test in 0.005s

OK
Ran 1 test in 0.006s

OK
/python3.11/lib/python3.11/test/test_string.py
Ran 38 tests in 0.197s

OK
Ran 38 tests in 1.161s

OK
Ran 38 tests in 0.162s

OK
/python3.11/lib/python3.11/test/test_strptime.py
Ran 51 tests in 0.751s

OK (skipped=2)
Ran 51 tests in 1.670s

OK (skipped=2)
Ran 51 tests in 0.765s

OK (skipped=2)
/python3.11/lib/python3.11/test/test_strtod.py
Ran 9 tests in 7.491s

OK (skipped=1)
Ran 9 tests in 7.698s

OK (skipped=1)
Ran 9 tests in 6.411s

OK (skipped=1)
/python3.11/lib/python3.11/test/test_structseq.py
Ran 17 tests in 0.061s

OK
Ran 17 tests in 0.061s

OK
Ran 17 tests in 0.061s

OK
/python3.11/lib/python3.11/test/test_subclassinit.py
Ran 17 tests in 0.030s

OK
Ran 17 tests in 0.028s

OK
Ran 17 tests in 0.029s

OK
/python3.11/lib/python3.11/test/test_sunau.py
Ran 105 tests in 1.515s

OK
Ran 105 tests in 0.487s

OK
Ran 105 tests in 0.484s

OK
/python3.11/lib/python3.11/test/test_sundry.py
Ran 1 test in 0.952s

OK
Ran 1 test in 0.914s

OK
Ran 1 test in 0.901s

OK
/python3.11/lib/python3.11/test/test_super.py
Ran 23 tests in 0.035s

OK
Ran 23 tests in 0.034s

OK
Ran 23 tests in 0.035s

OK
/python3.11/lib/python3.11/test/test_symtable.py
Ran 27 tests in 0.054s

OK
Ran 27 tests in 0.056s

OK
Ran 27 tests in 0.055s

OK
/python3.11/lib/python3.11/test/test_syntax.py
Ran 35 tests in 1.263s

OK
Ran 35 tests in 2.221s

OK
Ran 35 tests in 2.238s

OK
/python3.11/lib/python3.11/test/test_sysconfig.py
Ran 24 tests in 1.366s

OK (skipped=3)
Ran 24 tests in 1.373s

OK (skipped=3)
Ran 24 tests in 1.372s

OK (skipped=3)
/python3.11/lib/python3.11/test/test_syslog.py
/python3.11/lib/python3.11/test/test_sys_setprofile.py
Ran 26 tests in 0.028s

OK
Ran 26 tests in 0.030s

OK
Ran 26 tests in 0.028s

OK
/python3.11/lib/python3.11/test/test_tabnanny.py

/python3.11/lib/python3.11/test/test_textwrap.py
Ran 66 tests in 0.139s

OK
Ran 66 tests in 0.125s

OK
Ran 66 tests in 0.124s

OK
/python3.11/lib/python3.11/test/test_timeit.py
Ran 41 tests in 0.419s

OK
Ran 41 tests in 0.416s

OK
Ran 41 tests in 0.434s

OK

/python3.11/lib/python3.11/test/test_tuple.py
Ran 36 tests in 4.274s

OK
Ran 36 tests in 4.236s

OK
Ran 36 tests in 5.944s

OK
/python3.11/lib/python3.11/test/test_turtle.py
/python3.11/lib/python3.11/test/test_type_annotations.py
/python3.11/lib/python3.11/test/test_type_cache.py
Ran 6 tests in 0.026s

OK
Ran 6 tests in 0.029s

OK
Ran 6 tests in 0.026s

OK
/python3.11/lib/python3.11/test/test_typechecks.py
Ran 6 tests in 0.008s

OK
Ran 6 tests in 0.008s

OK
Ran 6 tests in 0.008s

OK
/python3.11/lib/python3.11/test/test_type_comments.py
Ran 16 tests in 0.153s

OK
Ran 16 tests in 0.157s

OK
Ran 16 tests in 0.158s

OK
/python3.11/lib/python3.11/test/test_types.py
Ran 112 tests in 1.368s

OK (skipped=1)
Ran 112 tests in 0.360s

OK (skipped=1)
Ran 112 tests in 0.395s

OK (skipped=1)
/python3.11/lib/python3.11/test/test_typing.py
Ran 583 tests in 3.014s

OK (skipped=1)
Ran 583 tests in 3.029s

OK (skipped=1)
Ran 583 tests in 3.012s

OK (skipped=1)
/python3.11/lib/python3.11/test/test_ucn.py
Ran 14 tests in 1.926s

OK (skipped=2)
Ran 14 tests in 1.920s

OK (skipped=2)
Ran 14 tests in 2.475s

OK (skipped=2)
/python3.11/lib/python3.11/test/test_unary.py
Ran 6 tests in 0.012s

OK
Ran 6 tests in 0.012s

OK
Ran 6 tests in 0.012s

OK
/python3.11/lib/python3.11/test/test_unicodedata.py
/python3.11/lib/python3.11/test/test_unicode_file_functions.py
/python3.11/lib/python3.11/test/test_unicode_identifiers.py
Ran 3 tests in 0.028s

OK
Ran 3 tests in 0.028s

OK
Ran 3 tests in 0.029s

OK

/python3.11/lib/python3.11/test/test_univnewlines.py
Ran 34 tests in 0.275s

OK
Ran 34 tests in 0.294s

OK
Ran 34 tests in 0.283s

OK
/python3.11/lib/python3.11/test/test_unpack_ex.py
Ran 1 test in 0.374s

FAILED (failures=1)
Ran 1 test in 0.339s

FAILED (failures=1)
Ran 1 test in 1.393s

FAILED (failures=1)
/python3.11/lib/python3.11/test/test_unpack.py
Ran 2 tests in 0.099s

FAILED (failures=1)
Ran 2 tests in 0.109s

FAILED (failures=1)
Ran 2 tests in 0.100s

FAILED (failures=1)
/python3.11/lib/python3.11/test/test_unparse.py
Ran 59 tests in 284.225s

OK
Ran 59 tests in 288.391s

OK
Ran 59 tests in 285.390s

OK
/python3.11/lib/python3.11/test/test_urlparse.py
Ran 72 tests in 1.905s

OK
Ran 72 tests in 1.921s

OK
Ran 72 tests in 1.986s

OK
/python3.11/lib/python3.11/test/test_userdict.py
Ran 25 tests in 1.554s

OK
Ran 25 tests in 1.523s

OK
Ran 25 tests in 1.558s

OK
/python3.11/lib/python3.11/test/test_userlist.py
Ran 50 tests in 1.197s

OK
Ran 50 tests in 0.183s

OK
Ran 50 tests in 0.192s

OK
/python3.11/lib/python3.11/test/test_userstring.py
Ran 58 tests in 16.387s

OK (skipped=1)
Ran 58 tests in 16.538s

OK (skipped=1)
Ran 58 tests in 16.508s

OK (skipped=1)
/python3.11/lib/python3.11/test/test_utf8source.py
Ran 3 tests in 0.033s

OK
Ran 3 tests in 0.032s

OK
Ran 3 tests in 0.029s

OK
/python3.11/lib/python3.11/test/test_uu.py
Ran 14 tests in 0.042s

OK (skipped=5)
Ran 14 tests in 1.038s

OK (skipped=5)
Ran 14 tests in 0.040s

OK (skipped=5)
/python3.11/lib/python3.11/test/test_wave.py
Ran 90 tests in 1.478s

OK
Ran 90 tests in 1.550s

OK
Ran 90 tests in 0.439s

OK
/python3.11/lib/python3.11/test/test_weakref.py
/python3.11/lib/python3.11/test/test_weakset.py
Ran 46 tests in 0.436s

OK
Ran 46 tests in 0.367s

OK
Ran 46 tests in 0.567s

OK
/python3.11/lib/python3.11/test/test_webbrowser.py
Ran 34 tests in 0.231s

OK (skipped=2)
Ran 34 tests in 0.292s

OK (skipped=2)
Ran 34 tests in -0.766s

OK (skipped=2)
/python3.11/lib/python3.11/test/test_winconsoleio.py
/python3.11/lib/python3.11/test/test_winreg.py
/python3.11/lib/python3.11/test/test_winsound.py
/python3.11/lib/python3.11/test/test_with.py
Ran 50 tests in 0.054s

OK
Ran 50 tests in 0.056s

OK
Ran 50 tests in 0.055s

OK
/python3.11/lib/python3.11/test/test_xdrlib.py
Ran 6 tests in 0.014s

OK
Ran 6 tests in 0.014s

OK
Ran 6 tests in 0.014s

OK
/python3.11/lib/python3.11/test/test_xml_dom_minicompat.py
Ran 11 tests in 0.023s

OK
Ran 11 tests in 0.023s

OK
Ran 11 tests in 0.023s

OK
/python3.11/lib/python3.11/test/test_xmlrpc_net.py
Ran 1 test in 0.002s

OK (skipped=1)
Ran 1 test in 0.002s

OK (skipped=1)
Ran 1 test in 0.002s

OK (skipped=1)
/python3.11/lib/python3.11/test/test_xmlrpc.py
/python3.11/lib/python3.11/test/test_xxlimited.py
/python3.11/lib/python3.11/test/test__xxsubinterpreters.py
Ran 123 tests in 11.864s

OK (skipped=6)
Ran 123 tests in 10.383s

OK (skipped=6)
Ran 123 tests in 11.475s

OK (skipped=6)
/python3.11/lib/python3.11/test/test_xxtestfuzz.py
Ran 1 test in 0.109s

OK
Ran 1 test in 0.111s

OK
Ran 1 test in 0.106s

OK
/python3.11/lib/python3.11/test/test_yield_from.py
Ran 33 tests in 0.577s

OK
Ran 33 tests in 0.535s

OK
Ran 33 tests in 1.658s

OK
/python3.11/lib/python3.11/test/test_zlib.py
Ran 63 tests in 6.580s

OK (skipped=1)
Ran 63 tests in 6.792s

OK (skipped=1)
Ran 63 tests in 7.595s

OK (skipped=1)

